0 info it worked if it ends with ok
1 verbose cli [ '/usr/local/bin/node',
1 verbose cli   '/usr/local/bin/npm',
1 verbose cli   'install',
1 verbose cli   '-g',
1 verbose cli   'firebase-tools' ]
2 info using npm@2.15.9
3 info using node@v4.6.0
4 verbose install initial load of /usr/local/lib/package.json
5 verbose readDependencies loading dependencies from /usr/local/lib/package.json
6 silly cache add args [ 'firebase-tools', null ]
7 verbose cache add spec firebase-tools
8 silly cache add parsed spec Result {
8 silly cache add   raw: 'firebase-tools',
8 silly cache add   scope: null,
8 silly cache add   name: 'firebase-tools',
8 silly cache add   rawSpec: '',
8 silly cache add   spec: 'latest',
8 silly cache add   type: 'tag' }
9 silly addNamed firebase-tools@latest
10 verbose addNamed "latest" is being treated as a dist-tag for firebase-tools
11 info addNameTag [ 'firebase-tools', 'latest' ]
12 silly mapToRegistry name firebase-tools
13 silly mapToRegistry using default registry
14 silly mapToRegistry registry https://registry.npmjs.org/
15 silly mapToRegistry data Result {
15 silly mapToRegistry   raw: 'firebase-tools',
15 silly mapToRegistry   scope: null,
15 silly mapToRegistry   name: 'firebase-tools',
15 silly mapToRegistry   rawSpec: '',
15 silly mapToRegistry   spec: 'latest',
15 silly mapToRegistry   type: 'tag' }
16 silly mapToRegistry uri https://registry.npmjs.org/firebase-tools
17 verbose addNameTag registry:https://registry.npmjs.org/firebase-tools not in flight; fetching
18 verbose request uri https://registry.npmjs.org/firebase-tools
19 verbose request no auth needed
20 info attempt registry request try #1 at 1:05:39 AM
21 verbose request id f7bf8d001962cd80
22 verbose etag W/"58c1808e-19353"
23 verbose lastModified Thu, 09 Mar 2017 16:19:26 GMT
24 http request GET https://registry.npmjs.org/firebase-tools
25 http 200 https://registry.npmjs.org/firebase-tools
26 verbose headers { server: 'nginx/1.10.1',
26 verbose headers   'content-type': 'application/json',
26 verbose headers   'last-modified': 'Fri, 31 Mar 2017 02:06:28 GMT',
26 verbose headers   etag: 'W/"58ddb9a4-193a4"',
26 verbose headers   'content-encoding': 'gzip',
26 verbose headers   'cache-control': 'max-age=300',
26 verbose headers   'content-length': '9666',
26 verbose headers   'accept-ranges': 'bytes',
26 verbose headers   date: 'Tue, 04 Apr 2017 19:34:48 GMT',
26 verbose headers   via: '1.1 varnish',
26 verbose headers   age: '0',
26 verbose headers   connection: 'keep-alive',
26 verbose headers   'x-served-by': 'cache-lcy1121-LCY',
26 verbose headers   'x-cache': 'HIT',
26 verbose headers   'x-cache-hits': '1',
26 verbose headers   'x-timer': 'S1491334489.808630,VS0,VE110',
26 verbose headers   vary: 'Accept-Encoding' }
27 silly get cb [ 200,
27 silly get   { server: 'nginx/1.10.1',
27 silly get     'content-type': 'application/json',
27 silly get     'last-modified': 'Fri, 31 Mar 2017 02:06:28 GMT',
27 silly get     etag: 'W/"58ddb9a4-193a4"',
27 silly get     'content-encoding': 'gzip',
27 silly get     'cache-control': 'max-age=300',
27 silly get     'content-length': '9666',
27 silly get     'accept-ranges': 'bytes',
27 silly get     date: 'Tue, 04 Apr 2017 19:34:48 GMT',
27 silly get     via: '1.1 varnish',
27 silly get     age: '0',
27 silly get     connection: 'keep-alive',
27 silly get     'x-served-by': 'cache-lcy1121-LCY',
27 silly get     'x-cache': 'HIT',
27 silly get     'x-cache-hits': '1',
27 silly get     'x-timer': 'S1491334489.808630,VS0,VE110',
27 silly get     vary: 'Accept-Encoding' } ]
28 verbose get saving firebase-tools to /Users/apple/.npm/registry.npmjs.org/firebase-tools/.cache.json
29 verbose correctMkdir /Users/apple/.npm correctMkdir not in flight; initializing
30 silly addNameTag next cb for firebase-tools with tag latest
31 silly addNamed firebase-tools@3.5.0
32 verbose addNamed "3.5.0" is a plain semver version for firebase-tools
33 silly cache afterAdd firebase-tools@3.5.0
34 verbose afterAdd /Users/apple/.npm/firebase-tools/3.5.0/package/package.json not in flight; writing
35 verbose correctMkdir /Users/apple/.npm correctMkdir not in flight; initializing
36 verbose afterAdd /Users/apple/.npm/firebase-tools/3.5.0/package/package.json written
37 silly install resolved [ { name: 'firebase-tools',
37 silly install resolved     version: '3.5.0',
37 silly install resolved     description: 'Command-Line Interface for Firebase',
37 silly install resolved     main: 'index.js',
37 silly install resolved     bin: { firebase: './bin/firebase' },
37 silly install resolved     scripts: { test: 'gulp' },
37 silly install resolved     repository:
37 silly install resolved      { type: 'git',
37 silly install resolved        url: 'git+https://github.com/firebase/firebase-tools.git' },
37 silly install resolved     keywords:
37 silly install resolved      [ 'cdn',
37 silly install resolved        'cli',
37 silly install resolved        'ssl',
37 silly install resolved        'cloud',
37 silly install resolved        'hosting',
37 silly install resolved        'firebase',
37 silly install resolved        'realtime',
37 silly install resolved        'websockets',
37 silly install resolved        'synchronization' ],
37 silly install resolved     preferGlobal: true,
37 silly install resolved     engines: { node: '>=0.10.0' },
37 silly install resolved     'engine-strict': true,
37 silly install resolved     author: { name: 'Firebase', url: 'https://firebase.google.com/' },
37 silly install resolved     license: 'MIT',
37 silly install resolved     bugs: { url: 'https://github.com/firebase/firebase-tools/issues' },
37 silly install resolved     files: [ 'bin/**', 'lib/**', 'commands/**', 'templates/**', 'index.js' ],
37 silly install resolved     homepage: 'https://github.com/firebase/firebase-tools',
37 silly install resolved     dependencies:
37 silly install resolved      { JSONStream: '^1.2.1',
37 silly install resolved        archiver: '^0.16.0',
37 silly install resolved        chalk: '^1.1.0',
37 silly install resolved        cjson: '^0.3.1',
37 silly install resolved        'cli-table': '^0.3.1',
37 silly install resolved        commander: '^2.8.1',
37 silly install resolved        configstore: '^1.2.0',
37 silly install resolved        'cross-spawn': '^4.0.0',
37 silly install resolved        'csv-streamify': '^3.0.4',
37 silly install resolved        didyoumean: '^1.2.1',
37 silly install resolved        'es6-set': '^0.1.4',
37 silly install resolved        'exit-code': '^1.0.2',
37 silly install resolved        filesize: '^3.1.3',
37 silly install resolved        firebase: '2.x.x',
37 silly install resolved        'fs-extra': '^0.23.1',
37 silly install resolved        'fstream-ignore': '^1.0.2',
37 silly install resolved        inquirer: '^0.12.0',
37 silly install resolved        jsonschema: '^1.0.2',
37 silly install resolved        jsonwebtoken: '^5.4.0',
37 silly install resolved        lodash: '^4.6.1',
37 silly install resolved        open: '^0.0.5',
37 silly install resolved        ora: '0.2.3',
37 silly install resolved        portfinder: '^0.4.0',
37 silly install resolved        progress: '^1.1.8',
37 silly install resolved        request: '^2.58.0',
37 silly install resolved        rsvp: '^3.0.18',
37 silly install resolved        semver: '^5.0.3',
37 silly install resolved        superstatic: '^4.0',
37 silly install resolved        tar: '^2.2.0',
37 silly install resolved        tmp: '0.0.27',
37 silly install resolved        'universal-analytics': '^0.3.9',
37 silly install resolved        'update-notifier': '^0.5.0',
37 silly install resolved        'user-home': '^2.0.0',
37 silly install resolved        uuid: '^3.0.0',
37 silly install resolved        winston: '^1.0.1' },
37 silly install resolved     devDependencies:
37 silly install resolved      { chai: '^3.0.0',
37 silly install resolved        'chai-as-promised': '^5.1.0',
37 silly install resolved        coveralls: '2.11.2',
37 silly install resolved        eslint: '^1.4.1',
37 silly install resolved        gulp: '^3.9.0',
37 silly install resolved        'gulp-eslint': '^1.0.0',
37 silly install resolved        'gulp-exit': '0.0.2',
37 silly install resolved        'gulp-istanbul': '^0.10.0',
37 silly install resolved        'gulp-mocha': '^2.1.2',
37 silly install resolved        'jshint-stylish': '^2.0.1',
37 silly install resolved        nock: '^2.10.0',
37 silly install resolved        sinon: '^1.17.4',
37 silly install resolved        'sinon-as-promised': '^4.0.0',
37 silly install resolved        'sinon-chai': '^2.8.0' },
37 silly install resolved     gitHead: '9e4639b240323b66ef9c0c1f76c33d262fd1164f',
37 silly install resolved     _id: 'firebase-tools@3.5.0',
37 silly install resolved     _shasum: '2c934f1f0c9cf4d0b55c3f6e748b0efcabf2ca9e',
37 silly install resolved     _from: 'firebase-tools@latest',
37 silly install resolved     _npmVersion: '3.10.8',
37 silly install resolved     _nodeVersion: '6.9.1',
37 silly install resolved     _npmUser: { name: 'firebase', email: 'operations+plainlogo@firebase.com' },
37 silly install resolved     dist:
37 silly install resolved      { shasum: '2c934f1f0c9cf4d0b55c3f6e748b0efcabf2ca9e',
37 silly install resolved        tarball: 'https://registry.npmjs.org/firebase-tools/-/firebase-tools-3.5.0.tgz' },
37 silly install resolved     maintainers: [ [Object] ],
37 silly install resolved     _npmOperationalInternal:
37 silly install resolved      { host: 'packages-12-west.internal.npmjs.com',
37 silly install resolved        tmp: 'tmp/firebase-tools-3.5.0.tgz_1489076364288_0.4543232552241534' },
37 silly install resolved     directories: {},
37 silly install resolved     _resolved: 'https://registry.npmjs.org/firebase-tools/-/firebase-tools-3.5.0.tgz',
37 silly install resolved     readme: 'ERROR: No README data found!' } ]
38 info install firebase-tools@3.5.0 into /usr/local/lib
39 info installOne firebase-tools@3.5.0
40 verbose installOne of firebase-tools to /usr/local/lib not in flight; installing
41 verbose correctMkdir /Users/apple/.npm/_locks correctMkdir not in flight; initializing
42 verbose lock using /Users/apple/.npm/_locks/firebase-tools-10d1b8d676fd02fa.lock for /usr/local/lib/node_modules/firebase-tools
43 silly install write writing firebase-tools 3.5.0 to /usr/local/lib/node_modules/firebase-tools
44 verbose unbuild lib/node_modules/firebase-tools
45 info preuninstall firebase-tools@3.2.0
46 info uninstall firebase-tools@3.2.0
47 verbose unbuild rmStuff firebase-tools@3.2.0 from /usr/local/lib/node_modules
48 silly gentlyRm /usr/local/bin/firebase is being gently removed
49 silly gentlyRm verifying /usr/local is an npm working directory
50 silly gentlyRm containing path /usr/local is under npm's control, in /usr/local
51 silly gentlyRm deletion target /usr/local/bin/firebase is under /usr/local
52 verbose gentlyRm vacuuming from /usr/local/bin/firebase up to /usr/local
53 silly vacuum-fs removing /usr/local/bin/firebase
54 verbose unlock done using /Users/apple/.npm/_locks/firebase-tools-10d1b8d676fd02fa.lock for /usr/local/lib/node_modules/firebase-tools
55 verbose stack Error: EACCES: permission denied, unlink '/usr/local/bin/firebase'
55 verbose stack     at Error (native)
56 verbose cwd /Users/apple/Documents/FrontEnd/VideoKen
57 error Darwin 16.4.0
58 error argv "/usr/local/bin/node" "/usr/local/bin/npm" "install" "-g" "firebase-tools"
59 error node v4.6.0
60 error npm  v2.15.9
61 error path /usr/local/bin/firebase
62 error code EACCES
63 error errno -13
64 error syscall unlink
65 error Error: EACCES: permission denied, unlink '/usr/local/bin/firebase'
65 error     at Error (native)
65 error  { [Error: EACCES: permission denied, unlink '/usr/local/bin/firebase']
65 error   errno: -13,
65 error   code: 'EACCES',
65 error   syscall: 'unlink',
65 error   path: '/usr/local/bin/firebase' }
66 error Please try running this command again as root/Administrator.
67 verbose exit [ -13, true ]
68 verbose unbuild lib/node_modules/firebase-tools
69 info preuninstall firebase-tools@3.2.0
70 info uninstall firebase-tools@3.2.0
71 verbose unbuild rmStuff firebase-tools@3.2.0 from /usr/local/lib/node_modules
72 silly gentlyRm /usr/local/bin/firebase is being gently removed
73 silly gentlyRm verifying /usr/local is an npm working directory
74 silly gentlyRm containing path /usr/local is under npm's control, in /usr/local
75 silly gentlyRm deletion target /usr/local/bin/firebase is under /usr/local
76 verbose gentlyRm vacuuming from /usr/local/bin/firebase up to /usr/local
77 silly vacuum-fs removing /usr/local/bin/firebase
78 error error rolling back Error: EACCES: permission denied, unlink '/usr/local/bin/firebase'
78 error error rolling back     at Error (native)
78 error error rolling back  { [Error: EACCES: permission denied, unlink '/usr/local/bin/firebase']
78 error error rolling back   errno: -13,
78 error error rolling back   code: 'EACCES',
78 error error rolling back   syscall: 'unlink',
78 error error rolling back   path: '/usr/local/bin/firebase' }
